ď»ż
> system-design-zth-web@0.1.0 prebuild
> node scripts/extract-content.mjs


-- Content extraction summary -----------------------------------
Study sections: 55
Designs:        20
Schedule days:  60
  p0  Framework                    0 designs
  p1  Building Blocks              0 designs
  p2  Distributed Concepts         0 designs
  p3  Design Patterns              0 designs
  p4  Starter Designs              10 designs
  p5  Advanced Designs             10 designs
  p6  Mock Interviews              0 designs
Output: web\src\generated/
-----------------------------------------------------------------

> system-design-zth-web@0.1.0 build
> next build

   Ă”Ă»â–“ Next.js 15.5.18

   Creating an optimized production build ...
 Ă”ÂŁĂ´ Compiled successfully in 34.0s
   Linting and checking validity of types ...
   Collecting page data ...
   Generating static pages (0/88) ...
   Generating static pages (22/88) 
   Generating static pages (44/88) 
   Generating static pages (66/88) 
 Ă”ÂŁĂ´ Generating static pages (88/88)
   Finalizing page optimization ...
   Collecting build traces ...
   Exporting (0/2) ...
 Ă”ÂŁĂ´ Exporting (2/2)

Route (app)                                 Size  First Load JS
Ă”Ă¶Ă® Ă”ĂąĂŻ /                                    7.54 kB         321 kB
Ă”Ă¶ÂŁ Ă”ĂąĂŻ /_not-found                             1 kB         104 kB
Ă”Ă¶ÂŁ Ă”ĂąĂŻ /designs                             4.05 kB         111 kB
Ă”Ă¶ÂŁ Ă”ĂąĂ… /designs/[slug]                      4.49 kB         111 kB
Ă”Ă¶ÂŁ   Ă”Ă¶ÂŁ /designs/p4-url-shortener
Ă”Ă¶ÂŁ   Ă”Ă¶ÂŁ /designs/p4-pastebin
Ă”Ă¶ÂŁ   Ă”Ă¶ÂŁ /designs/p4-rate-limiter
Ă”Ă¶ÂŁ   Ă”Ă¶Ă¶ [+17 more paths]
Ă”Ă¶ÂŁ Ă”ĂąĂŻ /patterns                              170 B         107 kB
Ă”Ă¶ÂŁ Ă”ĂąĂŻ /profile                             5.94 kB         109 kB
Ă”Ă¶ÂŁ Ă”ĂąĂŻ /progress                            2.42 kB         312 kB
Ă”Ă¶ÂŁ Ă”ĂąĂŻ /redo                                2.48 kB         316 kB
Ă”Ă¶ÂŁ Ă”ĂąĂŻ /review                              2.87 kB         106 kB
Ă”Ă¶ÂŁ Ă”ĂąĂŻ /robots.txt                            132 B         103 kB
Ă”Ă¶ÂŁ Ă”ĂąĂŻ /sitemap.xml                           132 B         103 kB
Ă”Ă¶ÂŁ Ă”ĂąĂŻ /study                                 170 B         107 kB
Ă”Ă¶Ă¶ Ă”ĂąĂ… /study/[slug]                         4.4 kB         111 kB
    Ă”Ă¶ÂŁ /study/guide-how-to-think
    Ă”Ă¶ÂŁ /study/guide-daily-schedule
    Ă”Ă¶ÂŁ /study/guide-estimation-ref
    Ă”Ă¶Ă¶ [+52 more paths]
+ First Load JS shared by all             103 kB
  Ă”Ă¶ÂŁ chunks/1255-d6f8fd5fe64557db.js      46.1 kB
  Ă”Ă¶ÂŁ chunks/4bd1b696-100b9d70ed4e49c1.js  54.2 kB
  Ă”Ă¶Ă¶ other shared chunks (total)          2.98 kB


Ă”ĂąĂŻ  (Static)  prerendered as static content
Ă”ĂąĂ…  (SSG)     prerendered as static HTML (uses generateStaticParams)

